[32minfo[0m: st(T_REG:1, T_REG:12)
[32minfo[0m: ld(T_DIR:0, T_REG:14)
[32minfo[0m: zjmp(241) 11 = 252
[32minfo[0m: live(42) 252 with no effect
[32minfo[0m: ld(T_DIR:57672449, T_REG:3)
[32minfo[0m: ld(T_DIR:57672959, T_REG:4)
[32minfo[0m: ld(T_DIR:42991616, T_REG:9)
[32minfo[0m: ld(T_DIR:235536380, T_REG:10)
[32minfo[0m: ld(T_DIR:16777216, T_REG:11)
[32minfo[0m: xor(T_REG:12, T_REG:14, T_REG:15)
[32minfo[0m: sti(T_REG:15, T_DIR:24, T_DIR:1)
[32minfo[0m: sti(T_REG:15, T_DIR:-70, T_DIR:1)
[32minfo[0m: sti(T_REG:15, T_DIR:347, T_DIR:1)
[32minfo[0m: zjmp(3) 318 = 321
[32minfo[0m: live(0) 321 with no effect
[32minfo[0m: fork(-312)
[32minfo[0m: st(T_REG:9, T_IND:-256)
[32minfo[0m: st(T_REG:10, T_IND:-256)
[32minfo[0m: st(T_REG:14, T_IND:-9)
[32minfo[0m: st(T_REG:4, T_IND:-21)
[32minfo[0m: st(T_REG:14, T_IND:-30)
[32minfo[0m: st(T_REG:4, T_IND:-256)
[32minfo[0m: st(T_REG:4, T_IND:-256)
[32minfo[0m: st(T_REG:4, T_IND:-256)
[32minfo[0m: st(T_REG:4, T_IND:-256)
[32minfo[0m: st(T_REG:4, T_IND:-256)
[32minfo[0m: st(T_REG:4, T_IND:-256)
[32minfo[0m: st(T_REG:4, T_IND:-256)
[32minfo[0m: st(T_REG:4, T_IND:-256)
[32minfo[0m: st(T_REG:4, T_IND:-256)
[32minfo[0m: st(T_REG:4, T_IND:-256)
[32minfo[0m: st(T_REG:4, T_IND:-256)
[32minfo[0m: st(T_REG:9, T_IND:-256)
[32minfo[0m: st(T_REG:10, T_IND:-256)
[32minfo[0m: st(T_REG:14, T_IND:-9)
[32minfo[0m: st(T_REG:4, T_IND:-21)
[32minfo[0m: st(T_REG:14, T_IND:-30)
[32minfo[0m: st(T_REG:4, T_IND:-256)
[32minfo[0m: st(T_REG:4, T_IND:-256)
[32minfo[0m: st(T_REG:4, T_IND:-256)
[32minfo[0m: st(T_REG:4, T_IND:-256)
[32minfo[0m: st(T_REG:4, T_IND:-256)
[32minfo[0m: st(T_REG:4, T_IND:-256)
[32minfo[0m: st(T_REG:4, T_IND:-256)
[32minfo[0m: st(T_REG:4, T_IND:-256)
[32minfo[0m: st(T_REG:4, T_IND:-256)
[32minfo[0m: st(T_REG:4, T_IND:-256)
[32minfo[0m: st(T_REG:4, T_IND:-256)
[32minfo[0m: st(T_REG:4, T_IND:-256)
[32minfo[0m: st(T_REG:4, T_IND:-256)
[32minfo[0m: st(T_REG:4, T_IND:-256)
[32minfo[0m: st(T_REG:4, T_IND:-256)
[32minfo[0m: st(T_REG:4, T_IND:-256)
[32minfo[0m: st(T_REG:4, T_IND:-256)
[32minfo[0m: st(T_REG:10, T_IND:-256)
[32minfo[0m: st(T_REG:14, T_IND:-9)
[32minfo[0m: st(T_REG:4, T_IND:-21)
[32minfo[0m: st(T_REG:14, T_IND:-30)
[32minfo[0m: ld(T_DIR:0, T_REG:15)
[32minfo[0m: zjmp(-217) 231 = 14
[32minfo[0m: st(T_UNDEF:0, T_UNDEF:0)
[31mwarning[0m: undefined parametters !
[32minfo[0m: st(T_REG:10, T_IND:-256)
[32minfo[0m: st(T_REG:14, T_IND:-9)
[32minfo[0m: st(T_REG:4, T_IND:-21)
[32minfo[0m: st(T_REG:14, T_IND:-30)
[32minfo[0m: st(T_REG:4, T_IND:-256)
[32minfo[0m: st(T_REG:4, T_IND:-256)
[32minfo[0m: st(T_REG:4, T_IND:-256)
[32minfo[0m: st(T_REG:4, T_IND:-256)
[32minfo[0m: st(T_REG:4, T_IND:-256)
[32minfo[0m: st(T_REG:4, T_IND:-256)
[32minfo[0m: st(T_REG:4, T_IND:-256)
[32minfo[0m: st(T_REG:4, T_IND:-256)
[32minfo[0m: st(T_REG:4, T_IND:-256)
[32minfo[0m: st(T_REG:4, T_IND:-1)
[32minfo[0m: st(T_UNDEF:0, T_UNDEF:0)
[31mwarning[0m: undefined parametters !
[32minfo[0m: st(T_REG:10, T_IND:-256)
[32minfo[0m: st(T_REG:14, T_IND:-9)
[32minfo[0m: st(T_REG:4, T_IND:-21)
[32minfo[0m: st(T_REG:14, T_IND:-30)
[32minfo[0m: st(T_REG:4, T_IND:-256)
[32minfo[0m: st(T_REG:4, T_IND:-256)
[32minfo[0m: st(T_REG:4, T_IND:-256)
[32minfo[0m: st(T_REG:4, T_IND:-256)
[32minfo[0m: st(T_REG:4, T_IND:-256)
[32minfo[0m: st(T_REG:4, T_IND:-256)
[32minfo[0m: st(T_REG:4, T_IND:-256)
[32minfo[0m: st(T_REG:4, T_IND:-256)
[32minfo[0m: st(T_REG:4, T_IND:-256)
[32minfo[0m: st(T_REG:4, T_IND:-256)
[32minfo[0m: st(T_REG:4, T_IND:-256)
[32minfo[0m: st(T_REG:4, T_IND:-256)
[32minfo[0m: st(T_REG:4, T_IND:-256)
[32minfo[0m: st(T_REG:4, T_IND:-256)
[32minfo[0m: st(T_REG:4, T_IND:-1)
[32minfo[0m: st(T_UNDEF:0, T_UNDEF:0)
[31mwarning[0m: undefined parametters !
[32minfo[0m: st(T_REG:10, T_IND:-256)
[32minfo[0m: st(T_REG:14, T_IND:-9)
[32minfo[0m: st(T_REG:4, T_IND:-21)
[32minfo[0m: st(T_REG:14, T_IND:-30)
[32minfo[0m: ld(T_DIR:0, T_REG:15)
[32minfo[0m: zjmp(-217) 231 = 14
[32minfo[0m: st(T_UNDEF:0, T_UNDEF:0)
[31mwarning[0m: undefined parametters !
[32minfo[0m: st(T_REG:10, T_IND:-256)
[32minfo[0m: st(T_REG:14, T_IND:-9)
[32minfo[0m: st(T_REG:4, T_IND:-21)
[32minfo[0m: st(T_REG:14, T_IND:-30)
[32minfo[0m: st(T_REG:4, T_IND:-256)
[32minfo[0m: st(T_REG:4, T_IND:-256)
[32minfo[0m: st(T_REG:4, T_IND:-256)
[32minfo[0m: st(T_REG:4, T_IND:-256)
[32minfo[0m: st(T_REG:4, T_IND:-256)
[32minfo[0m: st(T_REG:4, T_IND:-256)
[32minfo[0m: st(T_REG:4, T_IND:-256)
[32minfo[0m: st(T_REG:4, T_IND:-256)
[32minfo[0m: st(T_REG:4, T_IND:-256)
[32minfo[0m: st(T_REG:4, T_IND:-1)
[32minfo[0m: st(T_UNDEF:0, T_UNDEF:0)
[31mwarning[0m: undefined parametters !
[32minfo[0m: fork(334)
[32minfo[0m: ld(T_DIR:0, T_REG:15)
[32minfo[0m: st(T_REG:10, T_IND:-256)
[32minfo[0m: live(1) 663 success !
[32minfo[0m: st(T_REG:14, T_IND:-9)
[32minfo[0m: st(T_REG:4, T_IND:-21)
[32minfo[0m: zjmp(-105) 339 = 234
[32minfo[0m: st(T_REG:14, T_IND:-30)
[32minfo[0m: st(T_REG:4, T_IND:-256)
[32minfo[0m: live(0) 234 with no effect
[32minfo[0m: st(T_REG:4, T_IND:-256)
[32minfo[0m: st(T_REG:4, T_IND:-256)
[32minfo[0m: st(T_REG:4, T_IND:-256)
[32minfo[0m: st(T_REG:4, T_IND:-256)
[32minfo[0m: st(T_REG:4, T_IND:-256)
[32minfo[0m: st(T_REG:4, T_IND:-256)
[32minfo[0m: st(T_REG:4, T_IND:-256)
[32minfo[0m: st(T_REG:4, T_IND:-256)
[32minfo[0m: st(T_REG:4, T_IND:-256)
[32minfo[0m: st(T_REG:4, T_IND:-256)
[32minfo[0m: st(T_REG:4, T_IND:-256)
[32minfo[0m: st(T_REG:4, T_IND:-256)
[32minfo[0m: st(T_REG:4, T_IND:-256)
[32minfo[0m: st(T_REG:4, T_IND:-1)
[32minfo[0m: st(T_UNDEF:0, T_UNDEF:0)
[31mwarning[0m: undefined parametters !
[32minfo[0m: st(T_REG:10, T_IND:-256)
[32minfo[0m: st(T_REG:14, T_IND:-9)
[32minfo[0m: st(T_REG:4, T_IND:-21)
[32minfo[0m: st(T_REG:14, T_IND:-30)
[32minfo[0m: ld(T_DIR:0, T_REG:15)
[32minfo[0m: zjmp(-217) 231 = 14
[32minfo[0m: st(T_UNDEF:0, T_UNDEF:0)
[31mwarning[0m: undefined parametters !
[32minfo[0m: st(T_REG:10, T_IND:-256)
[32minfo[0m: st(T_REG:14, T_IND:-9)
[32minfo[0m: st(T_REG:4, T_IND:-21)
[32minfo[0m: st(T_REG:14, T_IND:-30)
[32minfo[0m: st(T_REG:4, T_IND:-256)
[32minfo[0m: st(T_REG:4, T_IND:-256)
[32minfo[0m: st(T_REG:4, T_IND:-256)
[32minfo[0m: st(T_REG:4, T_IND:-256)
[32minfo[0m: st(T_REG:4, T_IND:-256)
[32minfo[0m: st(T_REG:4, T_IND:-256)
[32minfo[0m: st(T_REG:4, T_IND:-256)
[32minfo[0m: st(T_REG:4, T_IND:-256)
[32minfo[0m: st(T_REG:4, T_IND:-256)
[32minfo[0m: st(T_REG:4, T_IND:-1)
[32minfo[0m: st(T_UNDEF:0, T_UNDEF:0)
[31mwarning[0m: undefined parametters !
[32minfo[0m: st(T_REG:10, T_IND:-256)
[32minfo[0m: st(T_REG:14, T_IND:-9)
[32minfo[0m: st(T_REG:4, T_IND:-21)
[32minfo[0m: st(T_REG:14, T_IND:-30)
[32minfo[0m: st(T_REG:4, T_IND:-256)
[32minfo[0m: st(T_REG:4, T_IND:-256)
[32minfo[0m: st(T_REG:4, T_IND:-256)
[32minfo[0m: st(T_REG:4, T_IND:-256)
[32minfo[0m: st(T_REG:4, T_IND:-256)
[32minfo[0m: st(T_REG:4, T_IND:-256)
[32minfo[0m: st(T_REG:4, T_IND:-256)
[32minfo[0m: st(T_REG:4, T_IND:-256)
[32minfo[0m: st(T_REG:4, T_IND:-256)
[32minfo[0m: st(T_REG:4, T_IND:-256)
[32minfo[0m: st(T_REG:4, T_IND:-256)
[32minfo[0m: st(T_REG:4, T_IND:-256)
[32minfo[0m: st(T_REG:4, T_IND:-256)
[32minfo[0m: st(T_REG:4, T_IND:-256)
[32minfo[0m: st(T_REG:4, T_IND:-1)
[32minfo[0m: st(T_UNDEF:0, T_UNDEF:0)
[31mwarning[0m: undefined parametters !
[32minfo[0m: st(T_REG:10, T_IND:-256)
[32minfo[0m: st(T_REG:14, T_IND:-9)
[32minfo[0m: st(T_REG:4, T_IND:-21)
[32minfo[0m: st(T_REG:14, T_IND:-30)
[32minfo[0m: ld(T_DIR:0, T_REG:15)
[32minfo[0m: zjmp(-217) 231 = 14
[32minfo[0m: st(T_UNDEF:0, T_UNDEF:0)
[31mwarning[0m: undefined parametters !
[32minfo[0m: st(T_REG:10, T_IND:-256)
[32minfo[0m: st(T_REG:14, T_IND:-9)
[32minfo[0m: st(T_REG:4, T_IND:-21)
[32minfo[0m: st(T_REG:14, T_IND:-30)
[32minfo[0m: st(T_REG:4, T_IND:-256)
[32minfo[0m: st(T_REG:4, T_IND:-256)
[32minfo[0m: st(T_REG:4, T_IND:-256)
[32minfo[0m: st(T_REG:4, T_IND:-256)
[32minfo[0m: st(T_REG:4, T_IND:-256)
[32minfo[0m: st(T_REG:4, T_IND:-256)
[32minfo[0m: st(T_REG:4, T_IND:-256)
[32minfo[0m: st(T_REG:4, T_IND:-256)
[32minfo[0m: st(T_REG:4, T_IND:-256)
[32minfo[0m: st(T_REG:4, T_IND:-1)
[32minfo[0m: st(T_UNDEF:0, T_UNDEF:0)
[31mwarning[0m: undefined parametters !
[32minfo[0m: st(T_REG:10, T_IND:-256)
[32minfo[0m: st(T_REG:14, T_IND:-9)
[32minfo[0m: st(T_REG:4, T_IND:-21)
[32minfo[0m: st(T_REG:14, T_IND:-30)
[32minfo[0m: st(T_REG:4, T_IND:-256)
[32minfo[0m: st(T_REG:4, T_IND:-256)
[32minfo[0m: st(T_REG:4, T_IND:-256)
[32minfo[0m: st(T_REG:4, T_IND:-256)
[32minfo[0m: st(T_REG:4, T_IND:-256)
[32minfo[0m: st(T_REG:4, T_IND:-256)
[32minfo[0m: st(T_REG:4, T_IND:-256)
[32minfo[0m: st(T_REG:4, T_IND:-256)
[32minfo[0m: st(T_REG:4, T_IND:-256)
[32minfo[0m: st(T_REG:4, T_IND:-256)
[32minfo[0m: st(T_REG:4, T_IND:-256)
[32minfo[0m: st(T_REG:4, T_IND:-256)
[32minfo[0m: fork(-133)
[32minfo[0m: st(T_REG:4, T_IND:-256)
[32minfo[0m: st(T_REG:4, T_IND:254)
[32minfo[0m: st(T_REG:4, T_IND:-256)
[32minfo[0m: live(42) 535 with no effect
[32minfo[0m: st(T_REG:9, T_IND:256)
[32minfo[0m: st(T_REG:4, T_IND:-1)
[32minfo[0m: st(T_REG:9, T_IND:256)
[32minfo[0m: fork(103)
[32minfo[0m: zjmp(-13) 676 = 663
[32minfo[0m: st(T_UNDEF:0, T_UNDEF:0)
[31mwarning[0m: undefined parametters !
[32minfo[0m: st(T_REG:9, T_IND:256)
[32minfo[0m: ld(T_DIR:0, T_REG:16)
[32minfo[0m: st(T_REG:3, T_IND:256)
[32minfo[0m: st(T_REG:9, T_IND:256)
[32minfo[0m: live(1) 663 success !
[32minfo[0m: st(T_REG:3, T_IND:256)
[32minfo[0m: st(T_REG:10, T_IND:-256)
[32minfo[0m: st(T_REG:9, T_IND:256)
[32minfo[0m: st(T_REG:3, T_IND:256)
[32minfo[0m: st(T_REG:14, T_IND:-9)
[32minfo[0m: st(T_REG:9, T_IND:256)
[32minfo[0m: zjmp(3) 249 = 252
[32minfo[0m: st(T_REG:4, T_IND:-21)
[32minfo[0m: live(1) 357 success !
[32minfo[0m: st(T_REG:9, T_IND:256)
[32minfo[0m: st(T_REG:14, T_IND:-30)
[32minfo[0m: st(T_REG:3, T_IND:256)
[32minfo[0m: st(T_REG:9, T_IND:256)
[32minfo[0m: live(42) 252 with no effect
[32minfo[0m: ld(T_DIR:0, T_REG:15)
[32minfo[0m: st(T_REG:3, T_IND:256)
[32minfo[0m: st(T_REG:9, T_IND:256)
[32minfo[0m: ld(T_DIR:57672449, T_REG:3)
[32minfo[0m: st(T_REG:3, T_IND:256)
[32minfo[0m: st(T_REG:9, T_IND:256)
[32minfo[0m: ld(T_DIR:57672959, T_REG:4)
[32minfo[0m: st(T_REG:3, T_IND:256)
[32minfo[0m: st(T_REG:9, T_IND:256)
[32minfo[0m: ld(T_DIR:42991616, T_REG:9)
[32minfo[0m: zjmp(-217) 231 = 14
[32minfo[0m: st(T_REG:9, T_IND:880)
[32minfo[0m: ld(T_DIR:235536380, T_REG:10)
[32minfo[0m: live(1) 382 success !
[32minfo[0m: st(T_UNDEF:0, T_UNDEF:0)
[31mwarning[0m: undefined parametters !
[32minfo[0m: st(T_UNDEF:0, T_UNDEF:0)
[31mwarning[0m: undefined parametters !
[32minfo[0m: ld(T_DIR:16777216, T_REG:11)
[32minfo[0m: st(T_REG:3, T_IND:256)
[32minfo[0m: xor(T_REG:12, T_REG:14, T_REG:15)
[32minfo[0m: st(T_REG:10, T_IND:-256)
[32minfo[0m: live(1) 392 success !
[32minfo[0m: st(T_REG:14, T_IND:-9)
[32minfo[0m: zjmp(880) 602 = 970
[32minfo[0m: st(T_REG:3, T_IND:256)
[32minfo[0m: st(T_REG:4, T_IND:-21)
[32minfo[0m: st(T_REG:14, T_IND:-30)
[32minfo[0m: sti(T_REG:15, T_DIR:24, T_DIR:1)
[32minfo[0m: live(1) 402 success !
[32minfo[0m: st(T_REG:4, T_IND:-256)
[32minfo[0m: st(T_REG:3, T_IND:256)
[32minfo[0m: st(T_REG:4, T_IND:-256)
[32minfo[0m: st(T_REG:3, T_IND:256)
[32minfo[0m: st(T_REG:4, T_IND:-256)
[32minfo[0m: st(T_REG:3, T_IND:256)
[32minfo[0m: st(T_REG:4, T_IND:-256)
[32minfo[0m: sti(T_REG:15, T_DIR:-70, T_DIR:1)
[32minfo[0m: st(T_REG:3, T_IND:256)
[32minfo[0m: st(T_REG:4, T_IND:-256)
[32minfo[0m: st(T_REG:4, T_IND:-256)
[32minfo[0m: live(1) 427 success !
[32minfo[0m: st(T_REG:4, T_IND:-256)
[32minfo[0m: st(T_REG:3, T_IND:256)
[32minfo[0m: st(T_REG:4, T_IND:-256)
[32minfo[0m: sti(T_REG:15, T_DIR:347, T_DIR:1)
[32minfo[0m: live(1) 437 success !
[32minfo[0m: st(T_REG:4, T_IND:-256)
[32minfo[0m: st(T_REG:3, T_IND:256)
[32minfo[0m: st(T_REG:4, T_IND:-1)
[32minfo[0m: zjmp(3) 318 = 321
[32minfo[0m: live(1) 447 success !
[32minfo[0m: st(T_UNDEF:0, T_UNDEF:0)
[31mwarning[0m: undefined parametters !
[32minfo[0m: st(T_REG:3, T_IND:256)
[32minfo[0m: live(0) 321 with no effect
[32minfo[0m: st(T_REG:10, T_IND:-256)
[32minfo[0m: live(1) 457 success !
[32minfo[0m: st(T_REG:14, T_IND:-9)
[32minfo[0m: st(T_REG:3, T_IND:256)
[32minfo[0m: st(T_REG:4, T_IND:-21)
[32minfo[0m: live(1) 467 success !
[32minfo[0m: st(T_REG:14, T_IND:-30)
[32minfo[0m: st(T_REG:3, T_IND:256)
[32minfo[0m: st(T_REG:4, T_IND:-256)
[32minfo[0m: st(T_REG:3, T_IND:256)
[32minfo[0m: st(T_REG:4, T_IND:-256)
[32minfo[0m: st(T_REG:3, T_IND:256)
[32minfo[0m: st(T_REG:4, T_IND:-256)
[32minfo[0m: st(T_REG:3, T_IND:256)
[32minfo[0m: st(T_REG:4, T_IND:-256)
[32minfo[0m: st(T_REG:4, T_IND:-256)
[32minfo[0m: live(1) 492 success !
[32minfo[0m: st(T_REG:4, T_IND:-256)
[32minfo[0m: st(T_REG:3, T_IND:256)
[32minfo[0m: st(T_REG:4, T_IND:-256)
[32minfo[0m: st(T_REG:4, T_IND:-256)
[32minfo[0m: live(1) 502 success !
[32minfo[0m: st(T_REG:4, T_IND:-256)
[32minfo[0m: st(T_REG:3, T_IND:256)
[32minfo[0m: st(T_REG:4, T_IND:-256)
[32minfo[0m: live(1) 512 success !
[32minfo[0m: st(T_REG:4, T_IND:-256)
[32minfo[0m: st(T_REG:3, T_IND:256)
[32minfo[0m: st(T_REG:4, T_IND:-256)
[32minfo[0m: st(T_REG:4, T_IND:-256)
[32minfo[0m: live(1) 522 success !
[32minfo[0m: st(T_REG:4, T_IND:-256)
[32minfo[0m: st(T_REG:3, T_IND:256)
[32minfo[0m: st(T_REG:4, T_IND:-1)
[32minfo[0m: st(T_UNDEF:0, T_UNDEF:0)
[31mwarning[0m: undefined parametters !
[32minfo[0m: zjmp(-190) 532 = 342
[32minfo[0m: st(T_REG:3, T_IND:256)
[32minfo[0m: st(T_REG:10, T_IND:-256)
[32minfo[0m: st(T_REG:3, T_IND:256)
[32minfo[0m: st(T_REG:14, T_IND:-9)
[32minfo[0m: st(T_REG:3, T_IND:256)
[32minfo[0m: st(T_REG:4, T_IND:-21)
[32minfo[0m: st(T_REG:14, T_IND:-30)
[32minfo[0m: live(1) 357 success !
[32minfo[0m: ld(T_DIR:0, T_REG:15)
[32minfo[0m: st(T_REG:3, T_IND:256)
[32minfo[0m: st(T_REG:3, T_IND:256)
[32minfo[0m: st(T_REG:3, T_IND:256)
[32minfo[0m: zjmp(-217) 231 = 14
[32minfo[0m: st(T_REG:3, T_IND:256)
[32minfo[0m: st(T_UNDEF:0, T_UNDEF:0)
[31mwarning[0m: undefined parametters !
[32minfo[0m: live(1) 382 success !
[32minfo[0m: st(T_REG:3, T_IND:256)
[32minfo[0m: st(T_REG:10, T_IND:-256)
[32minfo[0m: st(T_REG:14, T_IND:-9)
[32minfo[0m: live(1) 392 success !
[32minfo[0m: st(T_REG:4, T_IND:-21)
[32minfo[0m: st(T_REG:3, T_IND:256)
[32minfo[0m: st(T_REG:14, T_IND:-30)
[32minfo[0m: st(T_REG:4, T_IND:-256)
[32minfo[0m: live(1) 402 success !
[32minfo[0m: st(T_REG:4, T_IND:-256)
[32minfo[0m: st(T_REG:3, T_IND:256)
[32minfo[0m: st(T_REG:4, T_IND:-256)
[32minfo[0m: st(T_REG:3, T_IND:256)
[32minfo[0m: st(T_REG:4, T_IND:-256)
[32minfo[0m: st(T_REG:3, T_IND:256)
[32minfo[0m: st(T_REG:4, T_IND:-256)
[32minfo[0m: st(T_REG:3, T_IND:256)
[32minfo[0m: st(T_REG:4, T_IND:-256)
[32minfo[0m: st(T_REG:4, T_IND:-256)
[32minfo[0m: live(1) 427 success !
[32minfo[0m: st(T_REG:4, T_IND:-256)
[32minfo[0m: st(T_REG:3, T_IND:256)
[32minfo[0m: st(T_REG:4, T_IND:-256)
[32minfo[0m: live(1) 437 success !
[32minfo[0m: st(T_REG:3, T_IND:256)
[32minfo[0m: st(T_REG:4, T_IND:-1)
[32minfo[0m: st(T_UNDEF:0, T_UNDEF:0)
[31mwarning[0m: undefined parametters !
[32minfo[0m: live(1) 447 success !
[32minfo[0m: st(T_REG:3, T_IND:256)
[32minfo[0m: st(T_REG:10, T_IND:-256)
[32minfo[0m: live(1) 457 success !
[32minfo[0m: st(T_REG:14, T_IND:-9)
[32minfo[0m: st(T_REG:3, T_IND:256)
[32minfo[0m: st(T_REG:4, T_IND:-21)
[32minfo[0m: st(T_REG:14, T_IND:-30)
[32minfo[0m: live(1) 467 success !
[32minfo[0m: st(T_REG:4, T_IND:-256)
[32minfo[0m: st(T_REG:3, T_IND:256)
[32minfo[0m: st(T_REG:4, T_IND:-256)
[32minfo[0m: st(T_REG:3, T_IND:256)
[32minfo[0m: st(T_REG:4, T_IND:-256)
[32minfo[0m: st(T_REG:3, T_IND:256)
[32minfo[0m: st(T_REG:4, T_IND:-256)
[32minfo[0m: st(T_REG:3, T_IND:256)
[32minfo[0m: st(T_REG:4, T_IND:-256)
[32minfo[0m: st(T_REG:4, T_IND:-256)
[32minfo[0m: live(1) 492 success !
[32minfo[0m: st(T_REG:4, T_IND:-256)
[32minfo[0m: st(T_REG:3, T_IND:256)
[32minfo[0m: st(T_REG:4, T_IND:-256)
[32minfo[0m: st(T_REG:4, T_IND:-256)
[32minfo[0m: live(1) 502 success !
[32minfo[0m: st(T_REG:4, T_IND:-256)
[32minfo[0m: st(T_REG:3, T_IND:256)
[32minfo[0m: st(T_REG:4, T_IND:-256)
[32minfo[0m: live(1) 512 success !
[32minfo[0m: st(T_REG:4, T_IND:-256)
[32minfo[0m: st(T_REG:3, T_IND:256)
[32minfo[0m: st(T_REG:4, T_IND:-256)
[32minfo[0m: st(T_REG:4, T_IND:-256)
[32minfo[0m: live(1) 522 success !
[32minfo[0m: st(T_REG:3, T_IND:256)
[32minfo[0m: st(T_REG:4, T_IND:-1)
[32minfo[0m: st(T_UNDEF:0, T_UNDEF:0)
[31mwarning[0m: undefined parametters !
[32minfo[0m: zjmp(-190) 532 = 342
[32minfo[0m: st(T_REG:10, T_IND:-256)
[32minfo[0m: st(T_REG:3, T_IND:256)
[32minfo[0m: st(T_REG:14, T_IND:-9)
[32minfo[0m: st(T_REG:3, T_IND:256)
[32minfo[0m: st(T_REG:4, T_IND:-21)
[32minfo[0m: st(T_REG:3, T_IND:256)
[32minfo[0m: st(T_REG:14, T_IND:-30)
[32minfo[0m: ld(T_DIR:0, T_REG:15)
[32minfo[0m: live(1) 357 success !
[32minfo[0m: st(T_REG:3, T_IND:256)
[32minfo[0m: st(T_REG:3, T_IND:256)
[32minfo[0m: st(T_REG:3, T_IND:256)
[32minfo[0m: zjmp(-217) 231 = 14
[32minfo[0m: st(T_REG:3, T_IND:256)
[32minfo[0m: st(T_UNDEF:0, T_UNDEF:0)
[31mwarning[0m: undefined parametters !
[32minfo[0m: live(1) 382 success !
[32minfo[0m: st(T_REG:10, T_IND:-256)
[32minfo[0m: st(T_REG:3, T_IND:256)
[32minfo[0m: st(T_REG:14, T_IND:-9)
[32minfo[0m: st(T_REG:4, T_IND:-21)
[32minfo[0m: live(1) 392 success !
[32minfo[0m: st(T_REG:14, T_IND:-30)
[32minfo[0m: st(T_REG:3, T_IND:256)
[32minfo[0m: st(T_REG:4, T_IND:-256)
[32minfo[0m: fork(28675)
[32minfo[0m: st(T_REG:4, T_IND:-256)
[32minfo[0m: live(1) 402 success !
[32minfo[0m: st(T_REG:4, T_IND:-256)
[32minfo[0m: st(T_REG:3, T_IND:256)
[32minfo[0m: live(1879273475) 671 with no effect
[32minfo[0m: live(1879273475) 671 with no effect
[32minfo[0m: st(T_REG:4, T_IND:-256)
[32minfo[0m: st(T_REG:3, T_IND:256)
[32minfo[0m: st(T_REG:4, T_IND:-256)
[32minfo[0m: st(T_REG:3, T_IND:256)
[32minfo[0m: live(-16551933) 676 with no effect
[32minfo[0m: live(-16551933) 676 with no effect
[32minfo[0m: st(T_REG:4, T_IND:-256)
[32minfo[0m: st(T_REG:3, T_IND:256)
[32minfo[0m: live(0) 681 with no effect
[32minfo[0m: st(T_REG:4, T_IND:-256)
[32minfo[0m: live(0) 681 with no effect
[32minfo[0m: live(1) 427 success !
[32minfo[0m: st(T_REG:4, T_IND:-256)
[32minfo[0m: st(T_REG:3, T_IND:256)
[32minfo[0m: st(T_REG:3, T_IND:256)
[32minfo[0m: st(T_REG:3, T_IND:256)
[32minfo[0m: st(T_REG:4, T_IND:-256)
[32minfo[0m: live(1) 437 success !
[32minfo[0m: st(T_REG:3, T_IND:256)
[32minfo[0m: st(T_REG:3, T_IND:256)
[32minfo[0m: st(T_REG:4, T_IND:-1)
[32minfo[0m: st(T_REG:3, T_IND:256)
[32minfo[0m: st(T_UNDEF:0, T_UNDEF:0)
[31mwarning[0m: undefined parametters !
[32minfo[0m: live(1) 447 success !
[32minfo[0m: st(T_REG:3, T_IND:256)
[32minfo[0m: st(T_REG:3, T_IND:256)
[32minfo[0m: st(T_REG:10, T_IND:-256)
[32minfo[0m: st(T_REG:3, T_IND:256)
[32minfo[0m: st(T_REG:14, T_IND:-9)
[32minfo[0m: st(T_REG:3, T_IND:256)
[32minfo[0m: st(T_REG:3, T_IND:256)
[32minfo[0m: live(1) 457 success !
[32minfo[0m: st(T_REG:4, T_IND:-21)
[32minfo[0m: st(T_REG:3, T_IND:256)
[32minfo[0m: st(T_REG:14, T_IND:-30)
[32minfo[0m: st(T_REG:3, T_IND:256)
[32minfo[0m: st(T_REG:4, T_IND:-256)
[32minfo[0m: st(T_REG:3, T_IND:256)
[32minfo[0m: live(1) 467 success !
[32minfo[0m: st(T_REG:3, T_IND:256)
[32minfo[0m: st(T_REG:4, T_IND:-256)
[32minfo[0m: st(T_REG:3, T_IND:256)
[32minfo[0m: st(T_REG:3, T_IND:256)
[32minfo[0m: st(T_REG:3, T_IND:256)
[32minfo[0m: st(T_REG:4, T_IND:-256)
[32minfo[0m: st(T_REG:3, T_IND:256)
[32minfo[0m: st(T_REG:3, T_IND:256)
[32minfo[0m: st(T_REG:3, T_IND:256)
[32minfo[0m: st(T_REG:4, T_IND:-256)
[32minfo[0m: st(T_REG:3, T_IND:256)
[32minfo[0m: st(T_REG:3, T_IND:256)
[32minfo[0m: st(T_REG:4, T_IND:-256)
[32minfo[0m: st(T_REG:3, T_IND:256)
[32minfo[0m: st(T_REG:4, T_IND:-256)
[32minfo[0m: st(T_REG:3, T_IND:256)
[32minfo[0m: st(T_REG:3, T_IND:256)
[32minfo[0m: st(T_REG:4, T_IND:-256)
[32minfo[0m: live(1) 492 success !
[32minfo[0m: st(T_REG:4, T_IND:-256)
[32minfo[0m: st(T_REG:3, T_IND:256)
[32minfo[0m: st(T_REG:3, T_IND:256)
[32minfo[0m: st(T_REG:3, T_IND:256)
[32minfo[0m: st(T_REG:4, T_IND:-256)
[32minfo[0m: live(1) 502 success !
[32minfo[0m: st(T_REG:4, T_IND:-256)
[32minfo[0m: st(T_REG:3, T_IND:256)
[32minfo[0m: st(T_REG:4, T_IND:-256)
[32minfo[0m: fork(-312)
[32minfo[0m: st(T_REG:3, T_IND:256)
[32minfo[0m: st(T_REG:3, T_IND:256)
[32minfo[0m: st(T_REG:4, T_IND:-256)
[32minfo[0m: st(T_UNDEF:0, T_UNDEF:0)
[31mwarning[0m: undefined parametters !
[32minfo[0m: live(1) 512 success !
[32minfo[0m: st(T_REG:4, T_IND:-256)
[32minfo[0m: st(T_REG:3, T_IND:256)
[32minfo[0m: st(T_REG:3, T_IND:256)
[32minfo[0m: st(T_REG:3, T_IND:256)
[32minfo[0m: st(T_REG:4, T_IND:-256)
[32minfo[0m: st(T_REG:10, T_IND:-256)
[32minfo[0m: st(T_REG:14, T_IND:-9)
[32minfo[0m: live(1) 522 success !
[32minfo[0m: st(T_REG:4, T_IND:-21)
[32minfo[0m: st(T_REG:4, T_IND:-1)
[32minfo[0m: st(T_REG:3, T_IND:256)
[32minfo[0m: ld(T_DIR:2, T_REG:144)
[31mwarning[0m: invalide register !
[32minfo[0m: st(T_REG:14, T_IND:-30)
[32minfo[0m: ld(T_DIR:2, T_REG:144)
[31mwarning[0m: invalide register !
[32minfo[0m: st(T_UNDEF:0, T_UNDEF:0)
[31mwarning[0m: undefined parametters !
[32minfo[0m: st(T_REG:4, T_IND:-256)
[32minfo[0m: ld(T_DIR:2, T_REG:144)
[31mwarning[0m: invalide register !
[32minfo[0m: ld(T_DIR:2, T_REG:144)
[31mwarning[0m: invalide register !
[32minfo[0m: st(T_REG:4, T_IND:-256)
[32minfo[0m: st(T_REG:10, T_IND:-256)
[32minfo[0m: zjmp(-190) 532 = 342
[32minfo[0m: st(T_REG:4, T_IND:-256)
[32minfo[0m: st(T_REG:14, T_IND:-9)
[32minfo[0m: st(T_REG:3, T_IND:256)
[32minfo[0m: ld(T_DIR:2, T_REG:144)
[31mwarning[0m: invalide register !
[32minfo[0m: ld(T_DIR:2, T_REG:144)
[31mwarning[0m: invalide register !
[32minfo[0m: st(T_REG:4, T_IND:-256)
[32minfo[0m: st(T_REG:4, T_IND:-21)
[32minfo[0m: st(T_REG:3, T_IND:256)
[32minfo[0m: st(T_REG:4, T_IND:-256)
[32minfo[0m: st(T_REG:14, T_IND:-30)
[32minfo[0m: st(T_REG:3, T_IND:256)
[32minfo[0m: ld(T_DIR:2, T_REG:144)
[31mwarning[0m: invalide register !
[32minfo[0m: ld(T_DIR:2, T_REG:144)
[31mwarning[0m: invalide register !
[32minfo[0m: st(T_REG:4, T_IND:-256)
[32minfo[0m: ld(T_DIR:0, T_REG:15)
[32minfo[0m: st(T_REG:4, T_IND:-256)
[32minfo[0m: live(1) 357 success !
[32minfo[0m: ld(T_DIR:2, T_REG:144)
[31mwarning[0m: invalide register !
[32minfo[0m: ld(T_DIR:2, T_REG:144)
[31mwarning[0m: invalide register !
[32minfo[0m: st(T_REG:4, T_IND:-256)
[32minfo[0m: st(T_REG:3, T_IND:256)
[32minfo[0m: st(T_REG:4, T_IND:-256)
[32minfo[0m: st(T_REG:3, T_IND:256)
[32minfo[0m: ld(T_DIR:0, T_REG:0)
[31mwarning[0m: invalide register !
[32minfo[0m: ld(T_DIR:0, T_REG:0)
[31mwarning[0m: invalide register !
[32minfo[0m: zjmp(-217) 231 = 14
[32minfo[0m: st(T_REG:3, T_IND:256)
[32minfo[0m: st(T_UNDEF:0, T_UNDEF:0)
[31mwarning[0m: undefined parametters !
[32minfo[0m: st(T_REG:4, T_IND:-1)
[32minfo[0m: st(T_REG:3, T_IND:256)
[32minfo[0m: st(T_REG:10, T_IND:-256)
[32minfo[0m: st(T_UNDEF:0, T_UNDEF:0)
[31mwarning[0m: undefined parametters !
[32minfo[0m: live(1) 382 success !
[32minfo[0m: st(T_REG:14, T_IND:-9)
[32minfo[0m: st(T_REG:3, T_IND:256)
[32minfo[0m: st(T_REG:4, T_IND:-21)
[32minfo[0m: st(T_REG:10, T_IND:-256)
[32minfo[0m: st(T_REG:14, T_IND:-30)
[32minfo[0m: st(T_REG:14, T_IND:-9)
[32minfo[0m: live(1) 392 success !
[32minfo[0m: st(T_REG:4, T_IND:-256)
[32minfo[0m: st(T_REG:4, T_IND:-21)
[32minfo[0m: st(T_REG:3, T_IND:256)
[32minfo[0m: st(T_REG:4, T_IND:-256)
[32minfo[0m: st(T_REG:14, T_IND:-30)
[32minfo[0m: st(T_REG:4, T_IND:-256)
[32minfo[0m: st(T_REG:4, T_IND:-256)
[32minfo[0m: live(1) 402 success !
[32minfo[0m: st(T_REG:4, T_IND:-256)
[32minfo[0m: st(T_REG:4, T_IND:-256)
[32minfo[0m: st(T_REG:3, T_IND:256)
[32minfo[0m: st(T_REG:4, T_IND:-256)
[32minfo[0m: st(T_REG:4, T_IND:-256)
[32minfo[0m: st(T_REG:3, T_IND:256)
[32minfo[0m: st(T_REG:4, T_IND:-256)
[32minfo[0m: st(T_REG:4, T_IND:-256)
[32minfo[0m: st(T_REG:3, T_IND:256)
[32minfo[0m: st(T_REG:4, T_IND:-256)
[32minfo[0m: st(T_REG:4, T_IND:-256)
[32minfo[0m: st(T_REG:3, T_IND:256)
[32minfo[0m: st(T_REG:4, T_IND:-256)
[32minfo[0m: st(T_REG:4, T_IND:-256)
[32minfo[0m: live(1) 427 success !
[32minfo[0m: st(T_REG:4, T_IND:-256)
[32minfo[0m: st(T_REG:4, T_IND:-256)
[32minfo[0m: st(T_REG:3, T_IND:256)
[32minfo[0m: st(T_REG:4, T_IND:-256)
[32minfo[0m: st(T_REG:4, T_IND:-256)
[32minfo[0m: st(T_REG:4, T_IND:-1)
[32minfo[0m: live(1) 437 success !
[32minfo[0m: st(T_REG:4, T_IND:-256)
[32minfo[0m: st(T_UNDEF:0, T_UNDEF:0)
[31mwarning[0m: undefined parametters !
[32minfo[0m: st(T_REG:3, T_IND:256)
[32minfo[0m: st(T_REG:4, T_IND:-256)
[32minfo[0m: st(T_REG:4, T_IND:-256)
[32minfo[0m: live(1) 447 success !
[32minfo[0m: st(T_REG:10, T_IND:-256)
[32minfo[0m: st(T_REG:4, T_IND:-256)
[32minfo[0m: st(T_REG:3, T_IND:256)
[32minfo[0m: st(T_REG:14, T_IND:-9)
[32minfo[0m: st(T_REG:4, T_IND:-256)
[32minfo[0m: st(T_REG:4, T_IND:-256)
[32minfo[0m: st(T_REG:4, T_IND:-256)
[32minfo[0m: st(T_REG:4, T_IND:-21)
[32minfo[0m: live(1) 457 success !
[32minfo[0m: st(T_REG:14, T_IND:-30)
[32minfo[0m: st(T_REG:3, T_IND:256)
[32minfo[0m: st(T_REG:4, T_IND:-1)
[32minfo[0m: st(T_REG:4, T_IND:-256)
[32minfo[0m: st(T_REG:4, T_IND:-256)
[32minfo[0m: st(T_UNDEF:0, T_UNDEF:0)
[31mwarning[0m: undefined parametters !
[32minfo[0m: live(1) 467 success !
[32minfo[0m: st(T_REG:4, T_IND:-256)
[32minfo[0m: st(T_REG:3, T_IND:256)
[32minfo[0m: st(T_REG:3, T_IND:256)
[32minfo[0m: st(T_REG:3, T_IND:256)
[32minfo[0m: st(T_REG:4, T_IND:-256)
[32minfo[0m: st(T_REG:10, T_IND:-256)
[32minfo[0m: st(T_REG:3, T_IND:256)
[32minfo[0m: st(T_REG:4, T_IND:-256)
[32minfo[0m: st(T_REG:14, T_IND:-9)
[32minfo[0m: st(T_REG:3, T_IND:256)
[32minfo[0m: st(T_REG:3, T_IND:256)
[32minfo[0m: st(T_REG:3, T_IND:256)
[32minfo[0m: st(T_REG:4, T_IND:-256)
[32minfo[0m: st(T_REG:4, T_IND:-21)
[32minfo[0m: st(T_REG:3, T_IND:256)
[32minfo[0m: st(T_REG:4, T_IND:-256)
[32minfo[0m: st(T_REG:14, T_IND:-30)
[32minfo[0m: ld(T_UNDEF:0, T_UNDEF:0)
[31mwarning[0m: undefined parametters !
[32minfo[0m: ld(T_UNDEF:0, T_UNDEF:0)
[31mwarning[0m: undefined parametters !
[32minfo[0m: st(T_REG:4, T_IND:-256)
[32minfo[0m: ld(T_DIR:0, T_REG:15)
[32minfo[0m: live(1) 492 success !
[32minfo[0m: st(T_REG:4, T_IND:-256)
[32minfo[0m: st(T_REG:3, T_IND:256)
[32minfo[0m: st(T_UNDEF:0, T_UNDEF:0)
[31mwarning[0m: undefined parametters !
[32minfo[0m: st(T_UNDEF:0, T_UNDEF:0)
[31mwarning[0m: undefined parametters !
[32minfo[0m: st(T_REG:4, T_IND:-256)
[32minfo[0m: live(1) 502 success !
[32minfo[0m: st(T_REG:4, T_IND:-256)
[32minfo[0m: zjmp(-217) 231 = 14
[32minfo[0m: st(T_REG:3, T_IND:256)
[32minfo[0m: st(T_REG:3, T_IND:256)
[32minfo[0m: st(T_REG:3, T_IND:256)
[32minfo[0m: st(T_REG:4, T_IND:-256)
[32minfo[0m: st(T_UNDEF:0, T_UNDEF:0)
[31mwarning[0m: undefined parametters !
[32minfo[0m: st(T_REG:4, T_IND:-256)
[32minfo[0m: live(1) 512 success !
[32minfo[0m: st(T_REG:4, T_IND:-256)
[32minfo[0m: st(T_REG:10, T_IND:-256)
[32minfo[0m: st(T_REG:3, T_IND:256)
[32minfo[0m: st(T_REG:3, T_IND:256)
[32minfo[0m: st(T_REG:3, T_IND:256)
[32minfo[0m: st(T_REG:14, T_IND:-9)
[32minfo[0m: st(T_REG:3, T_IND:256)
[32minfo[0m: st(T_REG:3, T_IND:256)
[32minfo[0m: st(T_REG:4, T_IND:-21)
[32minfo[0m: st(T_REG:4, T_IND:-1)
[32minfo[0m: live(1) 522 success !
[32minfo[0m: st(T_REG:3, T_IND:256)
[32minfo[0m: st(T_REG:3, T_IND:256)
[32minfo[0m: st(T_REG:14, T_IND:-30)
[32minfo[0m: st(T_REG:3, T_IND:256)
[32minfo[0m: st(T_REG:3, T_IND:256)
[32minfo[0m: st(T_REG:3, T_IND:256)
[32minfo[0m: st(T_UNDEF:0, T_UNDEF:0)
[31mwarning[0m: undefined parametters !
[32minfo[0m: st(T_REG:4, T_IND:-256)
[32minfo[0m: st(T_REG:4, T_IND:-256)
[32minfo[0m: st(T_REG:10, T_IND:-256)
[32minfo[0m: st(T_REG:3, T_IND:256)
[32minfo[0m: st(T_REG:3, T_IND:256)
[32minfo[0m: st(T_REG:4, T_IND:-256)
[32minfo[0m: st(T_REG:14, T_IND:-9)
[32minfo[0m: zjmp(-190) 532 = 342
[32minfo[0m: st(T_REG:4, T_IND:-256)
[32minfo[0m: st(T_REG:4, T_IND:-21)
[32minfo[0m: st(T_REG:3, T_IND:256)
[32minfo[0m: st(T_REG:4, T_IND:-256)
[32minfo[0m: st(T_REG:3, T_IND:256)
[32minfo[0m: st(T_REG:3, T_IND:256)
[32minfo[0m: st(T_REG:14, T_IND:-30)
[32minfo[0m: st(T_REG:3, T_IND:256)
[32minfo[0m: st(T_REG:4, T_IND:-256)
[32minfo[0m: ld(T_DIR:0, T_REG:15)
[32minfo[0m: st(T_REG:3, T_IND:256)
[32minfo[0m: st(T_REG:4, T_IND:-256)
[32minfo[0m: st(T_REG:3, T_IND:256)
[32minfo[0m: st(T_REG:3, T_IND:256)
[32minfo[0m: st(T_REG:4, T_IND:-256)
[32minfo[0m: live(1) 357 success !
[32minfo[0m: st(T_REG:4, T_IND:-256)
[32minfo[0m: st(T_REG:3, T_IND:256)
[32minfo[0m: zjmp(-217) 231 = 14
[32minfo[0m: st(T_REG:3, T_IND:256)
[32minfo[0m: st(T_REG:3, T_IND:256)
[32minfo[0m: st(T_REG:3, T_IND:256)
[32minfo[0m: st(T_UNDEF:0, T_UNDEF:0)
[31mwarning[0m: undefined parametters !
[32minfo[0m: st(T_REG:3, T_IND:256)
[32minfo[0m: st(T_REG:4, T_IND:-1)
[32minfo[0m: st(T_REG:3, T_IND:256)
[32minfo[0m: st(T_REG:10, T_IND:-256)
[32minfo[0m: st(T_UNDEF:0, T_UNDEF:0)
[31mwarning[0m: undefined parametters !
[32minfo[0m: st(T_REG:14, T_IND:-9)
[32minfo[0m: live(1) 382 success !
[32minfo[0m: st(T_REG:4, T_IND:-21)
[32minfo[0m: st(T_REG:10, T_IND:-256)
[32minfo[0m: st(T_REG:3, T_IND:256)
[32minfo[0m: st(T_REG:14, T_IND:-30)
[32minfo[0m: st(T_REG:14, T_IND:-9)
[32minfo[0m: st(T_REG:4, T_IND:-256)
[32minfo[0m: st(T_REG:4, T_IND:-21)
[32minfo[0m: live(1) 392 success !
[32minfo[0m: st(T_REG:4, T_IND:-256)
[32minfo[0m: st(T_REG:14, T_IND:-30)
[32minfo[0m: st(T_REG:3, T_IND:256)
[32minfo[0m: st(T_REG:4, T_IND:-256)
[32minfo[0m: st(T_REG:4, T_IND:-256)
[32minfo[0m: live(1) 402 success !
[32minfo[0m: st(T_REG:4, T_IND:-256)
[32minfo[0m: st(T_REG:4, T_IND:-256)
[32minfo[0m: st(T_REG:3, T_IND:256)
[32minfo[0m: st(T_REG:4, T_IND:-256)
[32minfo[0m: st(T_REG:4, T_IND:-256)
[32minfo[0m: st(T_REG:3, T_IND:256)
[32minfo[0m: st(T_REG:4, T_IND:-256)
[32minfo[0m: st(T_REG:4, T_IND:-256)
[32minfo[0m: st(T_REG:3, T_IND:256)
[32minfo[0m: st(T_REG:4, T_IND:-256)
[32minfo[0m: st(T_REG:4, T_IND:-256)
[32minfo[0m: st(T_REG:3, T_IND:256)
[32minfo[0m: st(T_REG:4, T_IND:-256)
[32minfo[0m: st(T_REG:4, T_IND:-256)
[32minfo[0m: st(T_REG:4, T_IND:-256)
[32minfo[0m: st(T_REG:4, T_IND:-256)
[32minfo[0m: live(1) 427 success !
[32minfo[0m: st(T_REG:4, T_IND:-256)
[32minfo[0m: st(T_REG:3, T_IND:256)
[32minfo[0m: st(T_REG:4, T_IND:-256)
[32minfo[0m: st(T_REG:4, T_IND:-1)
[32minfo[0m: st(T_REG:4, T_IND:-256)
[32minfo[0m: live(1) 437 success !
[32minfo[0m: st(T_UNDEF:0, T_UNDEF:0)
[31mwarning[0m: undefined parametters !
[32minfo[0m: st(T_REG:4, T_IND:-256)
[32minfo[0m: st(T_REG:3, T_IND:256)
[32minfo[0m: st(T_REG:4, T_IND:-256)
[32minfo[0m: st(T_REG:10, T_IND:-256)
